<?xml version="1.0" encoding="UTF-8"?>
<testng-results ignored="0" total="1" passed="1" failed="0" skipped="0">
  <reporter-output>
  </reporter-output>
  <suite started-at="2024-01-25T16:41:27 IST" name="Default suite" finished-at="2024-01-25T16:41:40 IST" duration-ms="12189">
    <groups>
    </groups>
    <test started-at="2024-01-25T16:41:27 IST" name="Default test" finished-at="2024-01-25T16:41:40 IST" duration-ms="12189">
      <class name="testcase.Makemytrip">
        <test-method is-config="true" signature="setup()[pri:0, instance:testcase.Makemytrip@6c1a5b54]" started-at="2024-01-25T16:41:27 IST" name="setup" finished-at="2024-01-25T16:41:39 IST" duration-ms="11569" status="PASS">
          <reporter-output>
          </reporter-output>
        </test-method> <!-- setup -->
        <test-method signature="make()[pri:0, instance:testcase.Makemytrip@6c1a5b54]" started-at="2024-01-25T16:41:39 IST" name="make" finished-at="2024-01-25T16:41:40 IST" duration-ms="551" status="PASS">
          <reporter-output>
          </reporter-output>
        </test-method> <!-- make -->
        <test-method is-config="true" signature="close()[pri:0, instance:testcase.Makemytrip@6c1a5b54]" started-at="2024-01-25T16:41:40 IST" name="close" finished-at="2024-01-25T16:41:40 IST" duration-ms="0" status="PASS">
          <reporter-output>
          </reporter-output>
        </test-method> <!-- close -->
      </class> <!-- testcase.Makemytrip -->
    </test> <!-- Default test -->
  </suite> <!-- Default suite -->
</testng-results>
